<?xml version="1.0" encoding="UTF-8"?>
<!-- Generated by org.testng.reporters.JUnitReportReporter -->
<testsuite skipped="0" hostname="DESKTOP-UELBI65" name="com.gitpractice.patron.crm.LeadTest" tests="3" failures="0" timestamp="30 Mar 2021 06:45:08 GMT" time="0.015" errors="0">
  <testcase name="deleteleadTest" time="0.015" classname="com.gitpractice.patron.crm.LeadTest"/>
  <testcase name="createleadTest" time="0.000" classname="com.gitpractice.patron.crm.LeadTest"/>
  <testcase name="modifyleadTest" time="0.000" classname="com.gitpractice.patron.crm.LeadTest"/>
</testsuite> <!-- com.gitpractice.patron.crm.LeadTest -->
